<?xml version="1.0" encoding="UTF-8"?>
<testng-results ignored="0" total="1" passed="1" failed="0" skipped="0">
  <reporter-output>
  </reporter-output>
  <suite started-at="2024-04-19T12:03:43 IST" name="Default suite" finished-at="2024-04-19T12:03:55 IST" duration-ms="11355">
    <groups>
    </groups>
    <test started-at="2024-04-19T12:03:43 IST" name="Default test" finished-at="2024-04-19T12:03:55 IST" duration-ms="11355">
      <class name="Admin.CreateDoctorSpecializationAndAddDoctorsTest">
        <test-method signature="CreateDoctorSpeciaAnsAddDoc()[pri:0, instance:Admin.CreateDoctorSpecializationAndAddDoctorsTest@5c5eefef]" started-at="2024-04-19T12:03:43 IST" name="CreateDoctorSpeciaAnsAddDoc" finished-at="2024-04-19T12:03:55 IST" duration-ms="11310" status="PASS">
          <reporter-output>
          </reporter-output>
        </test-method> <!-- CreateDoctorSpeciaAnsAddDoc -->
      </class> <!-- Admin.CreateDoctorSpecializationAndAddDoctorsTest -->
    </test> <!-- Default test -->
  </suite> <!-- Default suite -->
</testng-results>
