<?xml version="1.0" encoding="UTF-8"?>
<!-- Generated by org.testng.reporters.JUnitXMLReporter -->
<testsuite ignored="6" hostname="Amrutha" failures="0" tests="4" name="Test2" time="6.631" errors="0" timestamp="2024-04-10T18:19:18 IST">
  <testcase classname="Patient.PatientLoginTest" name="loginToApp" time="1.396"/>
  <testcase classname="Patient.LoginAsPatientAppointmentHistoryVerifyTest" name="LoginAsPatient" time="1.865"/>
  <testcase classname="Patient.BookAppointmentTest" name="BookAppointment" time="2.765"/>
  <testcase classname="Patient.SignUpAsPatientTest" name="SignUp" time="3.663"/>
  <testcase classname="com.GenericUtility.BaseClass" name="@BeforeSuite OpenDataBaseConnection" time="0.0">
    <ignored/>
  </testcase> <!-- @BeforeSuite OpenDataBaseConnection -->
  <testcase classname="com.GenericUtility.BaseClass" name="@AfterSuite closeDBConnection" time="0.0">
    <ignored/>
  </testcase> <!-- @AfterSuite closeDBConnection -->
  <testcase classname="com.GenericUtility.BaseClass" name="@BeforeSuite OpenDataBaseConnection" time="0.0">
    <ignored/>
  </testcase> <!-- @BeforeSuite OpenDataBaseConnection -->
  <testcase classname="com.GenericUtility.BaseClass" name="@AfterSuite closeDBConnection" time="0.0">
    <ignored/>
  </testcase> <!-- @AfterSuite closeDBConnection -->
  <testcase classname="com.GenericUtility.BaseClass" name="@AfterSuite closeDBConnection" time="0.0">
    <ignored/>
  </testcase> <!-- @AfterSuite closeDBConnection -->
  <testcase classname="com.GenericUtility.BaseClass" name="@BeforeSuite OpenDataBaseConnection" time="0.0">
    <ignored/>
  </testcase> <!-- @BeforeSuite OpenDataBaseConnection -->
</testsuite> <!-- Test2 -->
