<?xml version="1.0" encoding="UTF-8"?>
<!-- Generated by org.testng.reporters.JUnitXMLReporter -->
<testsuite ignored="2" hostname="Amrutha" failures="0" tests="2" name="Test1" time="0.015" errors="0" timestamp="2024-04-10T18:20:48 IST">
  <testcase classname="Patient.BookAppointmentTest" name="BookAppointment" time="0.0">
    <skipped/>
  </testcase> <!-- BookAppointment -->
  <testcase classname="Patient.LoginAsPatientAppointmentHistoryVerifyTest" name="LoginAsPatient" time="0.0">
    <skipped/>
  </testcase> <!-- LoginAsPatient -->
  <testcase classname="com.GenericUtility.BaseClass" name="@BeforeSuite OpenDataBaseConnection" time="0.0">
    <ignored/>
  </testcase> <!-- @BeforeSuite OpenDataBaseConnection -->
  <testcase classname="com.GenericUtility.BaseClass" name="@AfterSuite closeDBConnection" time="0.0">
    <ignored/>
  </testcase> <!-- @AfterSuite closeDBConnection -->
</testsuite> <!-- Test1 -->
