<?xml version="1.0" encoding="UTF-8"?>
<!-- Generated by org.testng.reporters.JUnitXMLReporter -->
<testsuite ignored="6" hostname="Amrutha" failures="2" tests="4" name="Test" time="6.851" errors="0" timestamp="2024-04-15T12:58:53 IST">
  <testcase classname="Patient.LoginAsPatientAppointmentHistoryVerifyTest" name="LoginAsPatient" time="1.349">
    <failure type="java.lang.AssertionError" message="null">
      <![CDATA[java.lang.AssertionError: null
at Patient.LoginAsPatientAppointmentHistoryVerifyTest.LoginAsPatient(LoginAsPatientAppointmentHistoryVerifyTest.java:65)
at java.base/java.util.concurrent.ThreadPoolExecutor.runWorker(ThreadPoolExecutor.java:1144)
at java.base/java.util.concurrent.ThreadPoolExecutor$Worker.run(ThreadPoolExecutor.java:642)
at java.base/java.lang.Thread.run(Thread.java:1583)
... Removed 12 stack frames]]>
    </failure>
  </testcase> <!-- LoginAsPatient -->
  <testcase classname="Patient.BookAppointmentTest" name="BookAppointment" time="1.367">
    <failure type="java.lang.AssertionError" message="null">
      <![CDATA[java.lang.AssertionError: null
at Patient.BookAppointmentTest.BookAppointment(BookAppointmentTest.java:46)
at java.base/java.util.concurrent.ThreadPoolExecutor.runWorker(ThreadPoolExecutor.java:1144)
at java.base/java.util.concurrent.ThreadPoolExecutor$Worker.run(ThreadPoolExecutor.java:642)
at java.base/java.lang.Thread.run(Thread.java:1583)
... Removed 12 stack frames]]>
    </failure>
  </testcase> <!-- BookAppointment -->
  <testcase classname="Patient.PatientLoginTest" name="loginToApp" time="1.751"/>
  <testcase classname="Patient.SignUpAsPatientTest" name="SignUp" time="3.256"/>
  <testcase classname="com.GenericUtility.BaseClass" name="@AfterSuite closeDBConnection" time="0.0">
    <ignored/>
  </testcase> <!-- @AfterSuite closeDBConnection -->
  <testcase classname="com.GenericUtility.BaseClass" name="@BeforeSuite OpenDataBaseConnection" time="0.0">
    <ignored/>
  </testcase> <!-- @BeforeSuite OpenDataBaseConnection -->
  <testcase classname="com.GenericUtility.BaseClass" name="@AfterSuite closeDBConnection" time="0.0">
    <ignored/>
  </testcase> <!-- @AfterSuite closeDBConnection -->
  <testcase classname="com.GenericUtility.BaseClass" name="@BeforeSuite OpenDataBaseConnection" time="0.0">
    <ignored/>
  </testcase> <!-- @BeforeSuite OpenDataBaseConnection -->
  <testcase classname="com.GenericUtility.BaseClass" name="@AfterSuite closeDBConnection" time="0.0">
    <ignored/>
  </testcase> <!-- @AfterSuite closeDBConnection -->
  <testcase classname="com.GenericUtility.BaseClass" name="@BeforeSuite OpenDataBaseConnection" time="0.0">
    <ignored/>
  </testcase> <!-- @BeforeSuite OpenDataBaseConnection -->
</testsuite> <!-- Test -->
